make all --print-data-base --no-builtin-variables --no-builtin-rules --question
make: *** No rule to make target 'all'.  Stop.
 
# GNU Make 4.2.1
# Built for x86_64-pc-linux-gnu
# Copyright (C) 1988-2016 Free Software Foundation, Inc.
# License GPLv3+: GNU GPL version 3 or later <http://gnu.org/licenses/gpl.html>
# This is free software: you are free to change and redistribute it.
# There is NO WARRANTY, to the extent permitted by law.

# Make data base, printed on Mon Feb 21 05:59:30 2022

# Variables

# automatic
<D = $(patsubst %/,%,$(dir $<))
# automatic
?F = $(notdir $?)
# environment
PAPERSIZE = a4
# environment
VIRTUALENVWRAPPER_PROJECT_FILENAME = .project
# environment
DESKTOP_SESSION = pantheon
# default
.SHELLFLAGS := -c
# environment
XDG_SESSION_CLASS = user
# environment
XDG_SESSION_TYPE = x11
# environment
VSCODE_LOG_NATIVE = false
# automatic
?D = $(patsubst %/,%,$(dir $?))
# automatic
@D = $(patsubst %/,%,$(dir $@))
# environment
XAUTHORITY = /home/schartz/.Xauthority
# environment
GDMSESSION = pantheon
# environment
XMODIFIERS = @im=ibus
# environment
ARGV0 = /media/schartz/hdd/Apps/VSCodium-1.60.2-1632356529.glibc2.17-x86_64.AppImage
# makefile
SHELL = /bin/sh
# environment
GDM_LANG = en_GB
# environment
VSCODE_NLS_CONFIG = {"locale":"en-gb","availableLanguages":{},"_languagePackSupport":true}
# environment
_ = /tmp/.mount_VSCodimaZUUt/usr/share/codium/codium
# makefile (from 'makefile', line 1)
CFLAGS = -std=c++17 -O2
# environment
XDG_CONFIG_DIRS = /etc/xdg/xdg-pantheon:/etc/xdg
# environment
PERLLIB = /tmp/.mount_VSCodimaZUUt/usr/share/perl5/:/tmp/.mount_VSCodimaZUUt/usr/lib/perl5/:
# makefile (from 'makefile', line 1)
MAKEFILE_LIST :=  makefile
# automatic
@F = $(notdir $@)
# environment
GIO_LAUNCHED_DESKTOP_FILE = /home/schartz/.local/share/applications/appimagekit_d029b1579228f11d2a89eef5ec945e79-VSCodium.desktop
# 'override' directive
GNUMAKEFLAGS := 
# environment
MAKELEVEL := 0
# environment
XDG_DATA_DIRS = /tmp/.mount_VSCodimaZUUt/usr/share/:/usr/share/gnome:/usr/share/pantheon:/home/schartz/.local/share/flatpak/exports/share:/var/lib/flatpak/exports/share:/usr/local/share:/usr/share
# environment
DBUS_SESSION_BUS_ADDRESS = unix:path=/run/user/1000/bus
# environment
VSCODE_VERBOSE_LOGGING = true
# environment
QT_PLUGIN_PATH = /tmp/.mount_VSCodimaZUUt/usr/lib/qt4/plugins/:/tmp/.mount_VSCodimaZUUt/usr/lib/i386-linux-gnu/qt4/plugins/:/tmp/.mount_VSCodimaZUUt/usr/lib/x86_64-linux-gnu/qt4/plugins/:/tmp/.mount_VSCodimaZUUt/usr/lib32/qt4/plugins/:/tmp/.mount_VSCodimaZUUt/usr/lib64/qt4/plugins/:/tmp/.mount_VSCodimaZUUt/usr/lib/qt5/plugins/:/tmp/.mount_VSCodimaZUUt/usr/lib/i386-linux-gnu/qt5/plugins/:/tmp/.mount_VSCodimaZUUt/usr/lib/x86_64-linux-gnu/qt5/plugins/:/tmp/.mount_VSCodimaZUUt/usr/lib32/qt5/plugins/:/tmp/.mount_VSCodimaZUUt/usr/lib64/qt5/plugins/:
# environment
VSCODE_IPC_HOOK_EXTHOST = /run/user/1000/vscode-ipc-3bda5e6f-0703-4e4e-bc54-54b50973431f.sock
# environment
LC_NAME = en_GB.UTF-8
# environment
VSCODE_CWD = /home/schartz
# environment
QT_STYLE_OVERRIDE = adwaita
# environment
XDG_SESSION_PATH = /org/freedesktop/DisplayManager/Session0
# environment
GSETTINGS_SCHEMA_DIR = /tmp/.mount_VSCodimaZUUt/usr/share/glib-2.0/schemas/:
# default
MAKE_HOST := x86_64-pc-linux-gnu
# environment
PATH = /tmp/.mount_VSCodimaZUUt/usr/bin/:/tmp/.mount_VSCodimaZUUt/usr/sbin/:/tmp/.mount_VSCodimaZUUt/usr/games/:/tmp/.mount_VSCodimaZUUt/bin/:/tmp/.mount_VSCodimaZUUt/sbin/:/usr/local/sbin:/usr/local/bin:/usr/sbin:/usr/bin:/sbin:/bin:/usr/games:/usr/local/games:/snap/bin:/media/schartz/hdd/work/golang/go/bin
# environment
GPG_AGENT_INFO = /run/user/1000/gnupg/S.gpg-agent:0:1
# environment
LSCOLORS = Gxfxcxdxbxegedabagacad
# environment
SESSION_MANAGER = local/ubuntuserver:@/tmp/.ICE-unix/1601,unix/ubuntuserver:/tmp/.ICE-unix/1601
# makefile
CURDIR := /home/schartz/code/vulkan/toyEngine
# environment
XDG_RUNTIME_DIR = /run/user/1000
# environment
VSCODE_HANDLES_UNCAUGHT_ERRORS = true
# environment
OWD = /home/schartz
# environment
GOPATH = /home/schartz/media/schartz/hdd/work/golang/go_projects
# environment
VIRTUALENVWRAPPER_PYTHON = /usr/bin/python3
# environment
XDG_MENU_PREFIX = gnome-
# environment
VSCODE_LOG_STACK = false
# environment
VSCODE_CRASH_REPORTER_START_OPTIONS = {"companyName":"Microsoft","productName":"VSCodium","submitURL":"","uploadToServer":false}
# makefile (from 'makefile', line 2)
LDFLAGS = -lglfw -lvulkan -ldl -lpthread -lX11 -lXxf86vm -lXrandr -lXi
# default
.FEATURES := target-specific order-only second-expansion else-if shortest-stem undefine oneshell archives jobserver output-sync check-symlink load
# environment
XDG_GREETER_DATA_DIR = /var/lib/lightdm-data/schartz
# environment
LS_COLORS = 
# environment
VIRTUALENVWRAPPER_HOOK_DIR = /media/schartz/hdd/_caches/virtualenvwrapper
# environment
XDG_SESSION_DESKTOP = pantheon
# environment
SSH_AUTH_SOCK = /run/user/1000/keyring/ssh
# environment
GIO_LAUNCHED_DESKTOP_FILE_PID = 3832
# automatic
%F = $(notdir $%)
# environment
GOBIN = /home/schartz/media/schartz/hdd/work/golang/go_projects/bin
# environment
DISPLAY = :0
# environment
VSCODE_PIPE_LOGGING = true
# environment
PWD = /home/schartz/code/vulkan/toyEngine
# environment
QT_QPA_PLATFORMTHEME = gtk3
# default
.LOADED := 
# environment
SSH_AGENT_PID = 1704
# environment
ORIGINAL_XDG_CURRENT_DESKTOP = Pantheon
# environment
GTK_MODULES = gail:atk-bridge
# environment
VSCODE_AMD_ENTRYPOINT = vs/workbench/services/extensions/node/extensionHostProcess
# environment
HOME = /home/schartz
# environment
LD_LIBRARY_PATH = /tmp/.mount_VSCodimaZUUt/usr/lib/:/tmp/.mount_VSCodimaZUUt/usr/lib/i386-linux-gnu/:/tmp/.mount_VSCodimaZUUt/usr/lib/x86_64-linux-gnu/:/tmp/.mount_VSCodimaZUUt/usr/lib32/:/tmp/.mount_VSCodimaZUUt/usr/lib64/:/tmp/.mount_VSCodimaZUUt/lib/:/tmp/.mount_VSCodimaZUUt/lib/i386-linux-gnu/:/tmp/.mount_VSCodimaZUUt/lib/x86_64-linux-gnu/:/tmp/.mount_VSCodimaZUUt/lib32/:/tmp/.mount_VSCodimaZUUt/lib64/:
# environment
VSCODE_CODE_CACHE_PATH = /home/schartz/.config/VSCodium/CachedData/7f6ab5485bbc008386c4386d08766667e155244e
# environment
LOGNAME = schartz
# environment
APPLICATION_INSIGHTS_NO_DIAGNOSTIC_CHANNEL = true
# automatic
+F = $(notdir $+)
# environment
ZSH = /home/schartz/.oh-my-zsh
# environment
WORKON_HOME = /media/schartz/hdd/_caches/virtualenvwrapper
# environment
GNOME_DESKTOP_SESSION_ID = this-is-deprecated
# automatic
^D = $(patsubst %/,%,$(dir $^))
# environment
LC_TIME = en_GB.UTF-8
# default
MAKE = $(MAKE_COMMAND)
# default
MAKECMDGOALS := all
# environment
QT_IM_MODULE = ibus
# environment
SHLVL = 0
# default
MAKE_VERSION := 4.2.1
# environment
USER = schartz
# environment
LC_MONETARY = en_GB.UTF-8
# makefile
.DEFAULT_GOAL := VulkanTest
# environment
XDG_CURRENT_DESKTOP = Unity
# environment
GOROOT = /media/schartz/hdd/work/golang/go
# environment
LIBVIRT_DEFAULT_URI = qemu:///system
# environment
LESS = -R
# automatic
%D = $(patsubst %/,%,$(dir $%))
# environment
LC_TELEPHONE = en_GB.UTF-8
# default
MAKE_COMMAND := make
# environment
OLDPWD = /home/schartz
# default
.VARIABLES := 
# automatic
*F = $(notdir $*)
# environment
LANGUAGE = en_GB
# environment
XDG_SEAT_PATH = /org/freedesktop/DisplayManager/Seat0
# environment
VSCODE_IPC_HOOK = /run/user/1000/vscode-d80a518b-1.60.2-main.sock
# environment
MINISHIFT_HOME = /media/schartz/hdd/minishift/
# environment
APPIMAGE = /media/schartz/hdd/Apps/VSCodium-1.60.2-1632356529.glibc2.17-x86_64.AppImage
# makefile
MAKEFLAGS = pqrR
# environment
MFLAGS = -pqrR
# automatic
*D = $(patsubst %/,%,$(dir $*))
# environment
BREAKPAD_DUMP_LOCATION = /home/schartz/.config/VSCodium/exthost Crash Reports
# automatic
+D = $(patsubst %/,%,$(dir $+))
# environment
GDK_BACKEND = x11
# environment
LC_PAPER = en_GB.UTF-8
# environment
APPDIR = /tmp/.mount_VSCodimaZUUt
# environment
QT_ACCESSIBILITY = 1
# default
MAKEFILES := 
# environment
VIRTUALENVWRAPPER_WORKON_CD = 1
# environment
LC_NUMERIC = en_GB.UTF-8
# automatic
<F = $(notdir $<)
# environment
VIRTUALENVWRAPPER_SCRIPT = /usr/local/bin/virtualenvwrapper.sh
# environment
ELECTRON_RUN_AS_NODE = 1
# environment
LC_MEASUREMENT = en_GB.UTF-8
# environment
PAGER = less
# environment
LC_ALL = C
# environment
VIRTUAL_ENV_DISABLE_PROMPT = 1
# automatic
^F = $(notdir $^)
# default
SUFFIXES := 
# environment
DESKTOPINTEGRATION = AppImageLauncher
# environment
CHROME_DESKTOP = codium-url-handler.desktop
# default
.INCLUDE_DIRS = /usr/include /usr/local/include /usr/include
# environment
LC_IDENTIFICATION = en_GB.UTF-8
# default
.RECIPEPREFIX := 
# environment
LC_ADDRESS = en_GB.UTF-8
# environment
REDIRECT_APPIMAGE = /media/schartz/hdd/Apps/VSCodium-1.60.2-1632356529.glibc2.17-x86_64.AppImage
# environment
LANG = C
# environment
VSCODE_PID = 3852
# variable set hash-table stats:
# Load=134/1024=13%, Rehash=0, Collisions=12/159=8%

# Pattern-specific Variable Values

# No pattern-specific variable values.

# Directories

# . (device 64768, inode 7082186): 20 files, no impossibilities.

# 20 files, no impossibilities in 1 directories.

# Implicit Rules

# No implicit rules.

# Files

# Not a target:
lve_window.cpp:
#  Implicit rule search has not been done.
#  Modification time never checked.
#  File has not been updated.

 
# Not a target:
lve_device.hpp:
#  Implicit rule search has not been done.
#  Modification time never checked.
#  File has not been updated.

# Not a target:
all:
#  Command line target.
#  Implicit rule search has been done.
#  File does not exist.
#  File has not been updated.

.PHONY: test clean
#  Implicit rule search has not been done.
#  Modification time never checked.
#  File has not been updated.

# Not a target:
first_app.cpp:
#  Implicit rule search has not been done.
#  Modification time never checked.
#  File has not been updated.

# Not a target:
lve_window.hpp:
#  Implicit rule search has not been done.
#  Modification time never checked.
#  File has not been updated.

# Not a target:
lve_pipeline.cpp:
#  Implicit rule search has not been done.
#  Modification time never checked.
#  File has not been updated.

# Not a target:
first_app.hpp:
#  Implicit rule search has not been done.
#  Modification time never checked.
#  File has not been updated.

test: VulkanTest
#  Phony target (prerequisite of .PHONY).
#  Implicit rule search has not been done.
#  File does not exist.
#  File has not been updated.
#  recipe to execute (from 'makefile', line 10):
	./VulkanTest.out

# Not a target:
makefile:
#  Implicit rule search has been done.
#  Last modified 2022-02-21 05:57:01.483229236
#  File has been updated.
#  Successfully updated.

# Not a target:
main.cpp:
#  Implicit rule search has not been done.
#  Modification time never checked.
#  File has not been updated.

# Not a target:
lve_pipeline.hpp:
#  Implicit rule search has not been done.
#  Modification time never checked.
#  File has not been updated.

# Not a target:
.DEFAULT:
#  Implicit rule search has not been done.
#  Modification time never checked.
#  File has not been updated.

clean:
#  Phony target (prerequisite of .PHONY).
#  Implicit rule search has not been done.
#  File does not exist.
#  File has not been updated.
#  recipe to execute (from 'makefile', line 13):
	rm -f VulkanTest

# Not a target:
lve_swap_chain.cpp:
#  Implicit rule search has not been done.
#  Modification time never checked.
#  File has not been updated.

# Not a target:
lve_swap_chain.hpp:
#  Implicit rule search has not been done.
#  Modification time never checked.
#  File has not been updated.

VulkanTest: lve_pipeline.cpp lve_window.cpp lve_device.cpp first_app.cpp main.cpp lve_swap_chain.cpp lve_window.hpp lve_device.hpp first_app.hpp lve_swap_chain.hpp lve_pipeline.hpp
#  Implicit rule search has not been done.
#  Modification time never checked.
#  File has not been updated.
#  recipe to execute (from 'makefile', line 5):
	g++ $(CFLAGS) -o VulkanTest.out *.cpp $(LDFLAGS)

# Not a target:
lve_device.cpp:
#  Implicit rule search has not been done.
#  Modification time never checked.
#  File has not been updated.

# files hash-table stats:
# Load=19/1024=2%, Rehash=0, Collisions=0/45=0%
# VPATH Search Paths

# No 'vpath' search paths.

# No general ('VPATH' variable) search path.

# strcache buffers: 1 (0) / strings = 29 / storage = 325 B / avg = 11 B
# current buf: size = 8162 B / used = 325 B / count = 29 / avg = 11 B

# strcache performance: lookups = 51 / hit rate = 43%
# hash-table stats:
# Load=29/8192=0%, Rehash=0, Collisions=1/51=2%
# Finished Make data base on Mon Feb 21 05:59:30 2022

 
